<?xml version="1.0" encoding="UTF-8"?>
<!-- Generated by org.testng.reporters.JUnitReportReporter -->
<testsuite skipped="0" hostname="qi01" name="com.qa.testcases.BlueShiftHomePage" tests="1" failures="0" timestamp="08 Oct 2018 11:42:33 GMT" time="4.785" errors="0">
  <testcase name="blueSfiftHomePage" time="4.785" classname="com.qa.testcases.BlueShiftHomePage"/>
</testsuite> <!-- com.qa.testcases.BlueShiftHomePage -->
