<?xml version="1.0" encoding="UTF-8"?>
<!-- Generated by org.testng.reporters.JUnitReportReporter -->
<testsuite skipped="0" hostname="qi01" name="com.qa.testcases.Tour" tests="1" failures="0" timestamp="08 Oct 2018 11:42:33 GMT" time="32.274" errors="0">
  <testcase name="tour" time="32.274" classname="com.qa.testcases.Tour"/>
</testsuite> <!-- com.qa.testcases.Tour -->
