<?xml version="1.0" encoding="UTF-8"?>
<!-- Generated by org.testng.reporters.JUnitReportReporter -->
<testsuite skipped="0" hostname="qi01" name="com.qa.test.Email" tests="1" failures="0" timestamp="05 Oct 2018 06:58:07 GMT" time="3.863" errors="0">
  <testcase name="emailAttahment" time="3.863" classname="com.qa.test.Email"/>
</testsuite> <!-- com.qa.test.Email -->
