<?xml version="1.0" encoding="UTF-8"?>
<!-- Generated by org.testng.reporters.JUnitReportReporter -->
<testsuite skipped="0" hostname="qi01" name="com.qa.testcases.SignOut" tests="1" failures="0" timestamp="08 Oct 2018 11:42:33 GMT" time="2.151" errors="0">
  <testcase name="signOut" time="2.151" classname="com.qa.testcases.SignOut"/>
</testsuite> <!-- com.qa.testcases.SignOut -->
