<?xml version="1.0" encoding="UTF-8"?>
<!-- Generated by org.testng.reporters.JUnitReportReporter -->
<testsuite skipped="0" hostname="qi01" name="com.qa.testcases.Email" tests="1" failures="0" timestamp="08 Oct 2018 11:42:33 GMT" time="3.955" errors="0">
  <testcase name="emailAttahment" time="3.955" classname="com.qa.testcases.Email"/>
</testsuite> <!-- com.qa.testcases.Email -->
