<?xml version="1.0" encoding="UTF-8"?>
<!-- Generated by org.testng.reporters.JUnitReportReporter -->
<testsuite skipped="0" hostname="qi01" name="com.qa.test.BlueShiftHomePage" tests="1" failures="0" timestamp="04 Oct 2018 09:34:41 GMT" time="5.436" errors="0">
  <testcase name="blueSfiftHomePage" time="5.436" classname="com.qa.test.BlueShiftHomePage"/>
</testsuite> <!-- com.qa.test.BlueShiftHomePage -->
