<?xml version="1.0" encoding="UTF-8"?>
<!-- Generated by org.testng.reporters.JUnitReportReporter -->
<testsuite skipped="5" hostname="qi01" name="com.qa.test.FXCM2" tests="5" failures="0" timestamp="04 Oct 2018 13:08:17 GMT" time="0.000" errors="0">
  <testcase name="fXCM2" time="0.000" classname="com.qa.test.FXCM2">
    <skipped/>
  </testcase> <!-- fXCM2 -->
  <testcase name="fXCM2" time="0.000" classname="com.qa.test.FXCM2">
    <skipped/>
  </testcase> <!-- fXCM2 -->
  <testcase name="fXCM2" time="0.000" classname="com.qa.test.FXCM2">
    <skipped/>
  </testcase> <!-- fXCM2 -->
  <testcase name="fXCM2" time="0.000" classname="com.qa.test.FXCM2">
    <skipped/>
  </testcase> <!-- fXCM2 -->
  <testcase name="fXCM2" time="0.000" classname="com.qa.test.FXCM2">
    <skipped/>
  </testcase> <!-- fXCM2 -->
</testsuite> <!-- com.qa.test.FXCM2 -->
