<?xml version="1.0" encoding="UTF-8"?>
<!-- Generated by org.testng.reporters.JUnitReportReporter -->
<testsuite skipped="1" hostname="qi01" name="com.qa.test.LandingPage" tests="1" failures="0" timestamp="04 Oct 2018 13:08:17 GMT" time="0.000" errors="0">
  <testcase name="landingPage" time="0.000" classname="com.qa.test.LandingPage">
    <skipped/>
  </testcase> <!-- landingPage -->
</testsuite> <!-- com.qa.test.LandingPage -->
