<?xml version="1.0" encoding="UTF-8"?>
<!-- Generated by org.testng.reporters.JUnitReportReporter -->
<testsuite skipped="1" hostname="qi01" name="com.qa.test.Strategy5" tests="1" failures="0" timestamp="04 Oct 2018 10:45:29 GMT" time="0.000" errors="0">
  <testcase name="blueShit" time="0.000" classname="com.qa.test.Strategy5">
    <skipped/>
  </testcase> <!-- blueShit -->
</testsuite> <!-- com.qa.test.Strategy5 -->
