<?xml version="1.0" encoding="UTF-8"?>
<!-- Generated by org.testng.reporters.JUnitReportReporter -->
<testsuite skipped="0" hostname="qi01" name="com.qa.test.Email" tests="1" failures="0" timestamp="05 Oct 2018 07:03:37 GMT" time="10.374" errors="0">
  <testcase name="emailAttahment" time="10.374" classname="com.qa.test.Email"/>
</testsuite> <!-- com.qa.test.Email -->
