<?xml version="1.0" encoding="UTF-8"?>
<!-- Generated by org.testng.reporters.JUnitReportReporter -->
<testsuite skipped="48" hostname="qi01" name="com.qa.test.QuickRunTest" tests="48" failures="0" timestamp="04 Oct 2018 13:08:17 GMT" time="0.006" errors="0">
  <testcase name="quickRunTest" time="0.000" classname="com.qa.test.QuickRunTest">
    <skipped/>
  </testcase> <!-- quickRunTest -->
  <testcase name="quickRunTest" time="0.000" classname="com.qa.test.QuickRunTest">
    <skipped/>
  </testcase> <!-- quickRunTest -->
  <testcase name="quickRunTest" time="0.000" classname="com.qa.test.QuickRunTest">
    <skipped/>
  </testcase> <!-- quickRunTest -->
  <testcase name="quickRunTest" time="0.000" classname="com.qa.test.QuickRunTest">
    <skipped/>
  </testcase> <!-- quickRunTest -->
  <testcase name="quickRunTest" time="0.000" classname="com.qa.test.QuickRunTest">
    <skipped/>
  </testcase> <!-- quickRunTest -->
  <testcase name="quickRunTest" time="0.001" classname="com.qa.test.QuickRunTest">
    <skipped/>
  </testcase> <!-- quickRunTest -->
  <testcase name="quickRunTest" time="0.000" classname="com.qa.test.QuickRunTest">
    <skipped/>
  </testcase> <!-- quickRunTest -->
  <testcase name="quickRunTest" time="0.000" classname="com.qa.test.QuickRunTest">
    <skipped/>
  </testcase> <!-- quickRunTest -->
  <testcase name="quickRunTest" time="0.000" classname="com.qa.test.QuickRunTest">
    <skipped/>
  </testcase> <!-- quickRunTest -->
  <testcase name="quickRunTest" time="0.000" classname="com.qa.test.QuickRunTest">
    <skipped/>
  </testcase> <!-- quickRunTest -->
  <testcase name="quickRunTest" time="0.000" classname="com.qa.test.QuickRunTest">
    <skipped/>
  </testcase> <!-- quickRunTest -->
  <testcase name="quickRunTest" time="0.000" classname="com.qa.test.QuickRunTest">
    <skipped/>
  </testcase> <!-- quickRunTest -->
  <testcase name="quickRunTest" time="0.000" classname="com.qa.test.QuickRunTest">
    <skipped/>
  </testcase> <!-- quickRunTest -->
  <testcase name="quickRunTest" time="0.000" classname="com.qa.test.QuickRunTest">
    <skipped/>
  </testcase> <!-- quickRunTest -->
  <testcase name="quickRunTest" time="0.001" classname="com.qa.test.QuickRunTest">
    <skipped/>
  </testcase> <!-- quickRunTest -->
  <testcase name="quickRunTest" time="0.000" classname="com.qa.test.QuickRunTest">
    <skipped/>
  </testcase> <!-- quickRunTest -->
  <testcase name="quickRunTest" time="0.000" classname="com.qa.test.QuickRunTest">
    <skipped/>
  </testcase> <!-- quickRunTest -->
  <testcase name="quickRunTest" time="0.000" classname="com.qa.test.QuickRunTest">
    <skipped/>
  </testcase> <!-- quickRunTest -->
  <testcase name="quickRunTest" time="0.000" classname="com.qa.test.QuickRunTest">
    <skipped/>
  </testcase> <!-- quickRunTest -->
  <testcase name="quickRunTest" time="0.000" classname="com.qa.test.QuickRunTest">
    <skipped/>
  </testcase> <!-- quickRunTest -->
  <testcase name="quickRunTest" time="0.000" classname="com.qa.test.QuickRunTest">
    <skipped/>
  </testcase> <!-- quickRunTest -->
  <testcase name="quickRunTest" time="0.000" classname="com.qa.test.QuickRunTest">
    <skipped/>
  </testcase> <!-- quickRunTest -->
  <testcase name="quickRunTest" time="0.000" classname="com.qa.test.QuickRunTest">
    <skipped/>
  </testcase> <!-- quickRunTest -->
  <testcase name="quickRunTest" time="0.001" classname="com.qa.test.QuickRunTest">
    <skipped/>
  </testcase> <!-- quickRunTest -->
  <testcase name="quickRunTest" time="0.000" classname="com.qa.test.QuickRunTest">
    <skipped/>
  </testcase> <!-- quickRunTest -->
  <testcase name="quickRunTest" time="0.000" classname="com.qa.test.QuickRunTest">
    <skipped/>
  </testcase> <!-- quickRunTest -->
  <testcase name="quickRunTest" time="0.000" classname="com.qa.test.QuickRunTest">
    <skipped/>
  </testcase> <!-- quickRunTest -->
  <testcase name="quickRunTest" time="0.000" classname="com.qa.test.QuickRunTest">
    <skipped/>
  </testcase> <!-- quickRunTest -->
  <testcase name="quickRunTest" time="0.000" classname="com.qa.test.QuickRunTest">
    <skipped/>
  </testcase> <!-- quickRunTest -->
  <testcase name="quickRunTest" time="0.000" classname="com.qa.test.QuickRunTest">
    <skipped/>
  </testcase> <!-- quickRunTest -->
  <testcase name="quickRunTest" time="0.000" classname="com.qa.test.QuickRunTest">
    <skipped/>
  </testcase> <!-- quickRunTest -->
  <testcase name="quickRunTest" time="0.000" classname="com.qa.test.QuickRunTest">
    <skipped/>
  </testcase> <!-- quickRunTest -->
  <testcase name="quickRunTest" time="0.000" classname="com.qa.test.QuickRunTest">
    <skipped/>
  </testcase> <!-- quickRunTest -->
  <testcase name="quickRunTest" time="0.001" classname="com.qa.test.QuickRunTest">
    <skipped/>
  </testcase> <!-- quickRunTest -->
  <testcase name="quickRunTest" time="0.001" classname="com.qa.test.QuickRunTest">
    <skipped/>
  </testcase> <!-- quickRunTest -->
  <testcase name="quickRunTest" time="0.000" classname="com.qa.test.QuickRunTest">
    <skipped/>
  </testcase> <!-- quickRunTest -->
  <testcase name="quickRunTest" time="0.000" classname="com.qa.test.QuickRunTest">
    <skipped/>
  </testcase> <!-- quickRunTest -->
  <testcase name="quickRunTest" time="0.000" classname="com.qa.test.QuickRunTest">
    <skipped/>
  </testcase> <!-- quickRunTest -->
  <testcase name="quickRunTest" time="0.000" classname="com.qa.test.QuickRunTest">
    <skipped/>
  </testcase> <!-- quickRunTest -->
  <testcase name="quickRunTest" time="0.000" classname="com.qa.test.QuickRunTest">
    <skipped/>
  </testcase> <!-- quickRunTest -->
  <testcase name="quickRunTest" time="0.000" classname="com.qa.test.QuickRunTest">
    <skipped/>
  </testcase> <!-- quickRunTest -->
  <testcase name="quickRunTest" time="0.000" classname="com.qa.test.QuickRunTest">
    <skipped/>
  </testcase> <!-- quickRunTest -->
  <testcase name="quickRunTest" time="0.000" classname="com.qa.test.QuickRunTest">
    <skipped/>
  </testcase> <!-- quickRunTest -->
  <testcase name="quickRunTest" time="0.000" classname="com.qa.test.QuickRunTest">
    <skipped/>
  </testcase> <!-- quickRunTest -->
  <testcase name="quickRunTest" time="0.000" classname="com.qa.test.QuickRunTest">
    <skipped/>
  </testcase> <!-- quickRunTest -->
  <testcase name="quickRunTest" time="0.001" classname="com.qa.test.QuickRunTest">
    <skipped/>
  </testcase> <!-- quickRunTest -->
  <testcase name="quickRunTest" time="0.000" classname="com.qa.test.QuickRunTest">
    <skipped/>
  </testcase> <!-- quickRunTest -->
  <testcase name="quickRunTest" time="0.000" classname="com.qa.test.QuickRunTest">
    <skipped/>
  </testcase> <!-- quickRunTest -->
</testsuite> <!-- com.qa.test.QuickRunTest -->
