<?xml version="1.0" encoding="UTF-8"?>
<!-- Generated by org.testng.reporters.JUnitReportReporter -->
<testsuite skipped="1" hostname="qi01" name="com.qa.test.FullBackTest" tests="1" failures="0" timestamp="04 Oct 2018 13:08:17 GMT" time="0.003" errors="0">
  <testcase name="fullBackTest" time="0.003" classname="com.qa.test.FullBackTest">
    <skipped/>
  </testcase> <!-- fullBackTest -->
</testsuite> <!-- com.qa.test.FullBackTest -->
