<?xml version="1.0" encoding="UTF-8"?>
<!-- Generated by org.testng.reporters.JUnitReportReporter -->
<testsuite skipped="0" hostname="qi01" name="com.qa.test.StrategyHomePage" tests="1" failures="0" timestamp="05 Oct 2018 06:42:36 GMT" time="0.136" errors="0">
  <testcase name="strategyHomePage" time="0.136" classname="com.qa.test.StrategyHomePage"/>
</testsuite> <!-- com.qa.test.StrategyHomePage -->
