<?xml version="1.0" encoding="UTF-8"?>
<!-- Generated by org.testng.reporters.JUnitReportReporter -->
<testsuite skipped="0" hostname="qi01" name="com.qa.test.BlueShiftHomePage" tests="1" failures="0" timestamp="05 Oct 2018 06:42:36 GMT" time="5.517" errors="0">
  <testcase name="blueSfiftHomePage" time="5.517" classname="com.qa.test.BlueShiftHomePage"/>
</testsuite> <!-- com.qa.test.BlueShiftHomePage -->
