<?xml version="1.0" encoding="UTF-8"?>
<!-- Generated by org.testng.reporters.JUnitReportReporter -->
<testsuite skipped="0" hostname="qi01" name="com.qa.test.Helplnks" tests="1" failures="0" timestamp="04 Oct 2018 13:08:17 GMT" time="27.207" errors="0">
  <testcase name="helpLinks" time="27.207" classname="com.qa.test.Helplnks"/>
</testsuite> <!-- com.qa.test.Helplnks -->
